2026-03-08 12:30:45 - rc3dr - INFO - RC3DR日志系统初始化完成，日志级别：INFO
2026-03-08 12:30:45 - rc3dr - INFO - 日志文件：D:\0_user\hhu\RC3DR\src\../logs\rc3dr_20260308.log
2026-03-08 12:30:55 - rc3dr.module0 - INFO - 数据预处理模块完成。
2026-03-08 12:30:58 - rc3dr.module1 - INFO - =============================================
2026-03-08 12:30:58 - rc3dr.module1 - INFO - >>> 启动模块1: 河道深泓点内插 <<<
2026-03-08 12:30:58 - rc3dr.module1 - INFO - 1. 正在生成高精度河道轴线...
2026-03-08 12:30:59 - rc3dr.module1 - INFO - 河道轴线已保存至: ../data/intermediate_data\河道轴线.shp
2026-03-08 12:30:59 - rc3dr.module1 - INFO - 2. 正在提取深泓点...
2026-03-08 12:30:59 - rc3dr.module1 - INFO - 共提取 44 个深泓点，已保存至: ../data/intermediate_data\深泓点.shp
2026-03-08 12:30:59 - rc3dr.module1 - INFO - 3. 正在生成深泓线并进行平面内插...
2026-03-08 12:31:00 - rc3dr.module1 - INFO - 深泓线(保形抗过冲+向心贴合)生成完毕，已保存至: ../data/intermediate_data\深泓线.shp
2026-03-08 12:31:01 - rc3dr.module1 - INFO - 沿深泓线定步长(5.0)平面内插完毕，共生成 6352 个点。
2026-03-08 12:31:01 - rc3dr.module1 - INFO - 结果已保存至: ../data/intermediate_data\深泓点内插.shp
2026-03-08 12:31:01 - rc3dr.module1 - INFO - 4. 调用公共模块补全高程...
2026-03-08 12:31:01 - rc3dr.utils - INFO - 正在进行高程内插，读取数据...
2026-03-08 12:31:02 - rc3dr.utils - INFO - 应用 CubicSpline 三次样条插值...
2026-03-08 12:31:02 - rc3dr.utils - INFO - 高程内插并更新完成！
2026-03-08 12:31:02 - rc3dr.module1 - INFO - >>> 模块1执行完毕！ <<<
2026-03-08 12:31:02 - rc3dr.module1 - INFO - =============================================
2026-03-08 12:31:08 - rc3dr.module2 - INFO - >>> 启动模块2：河岸点内插...
2026-03-08 12:31:08 - rc3dr.module2 - INFO - 1. 读取矢量数据进行平面相交分析...
2026-03-08 12:31:12 - rc3dr.module2 - INFO - 原深泓内插点总数 6352，有效保留 6321 个。已更新 深泓点内插.shp。
2026-03-08 12:31:12 - rc3dr.module2 - INFO - 左、右河岸点平面内插计算完毕。
2026-03-08 12:31:12 - rc3dr.module2 - INFO - 2. 调用 utils 进行高程三次样条内插...
2026-03-08 12:31:12 - rc3dr.module2 - INFO - [处理左岸高程]
2026-03-08 12:31:12 - rc3dr.utils - INFO - 正在进行高程内插，读取数据...
2026-03-08 12:31:13 - rc3dr.utils - INFO - 应用 CubicSpline 三次样条插值...
2026-03-08 12:31:14 - rc3dr.utils - INFO - 高程内插并更新完成！
2026-03-08 12:31:14 - rc3dr.module2 - INFO - [处理右岸高程]
2026-03-08 12:31:14 - rc3dr.utils - INFO - 正在进行高程内插，读取数据...
2026-03-08 12:31:15 - rc3dr.utils - INFO - 应用 CubicSpline 三次样条插值...
2026-03-08 12:31:15 - rc3dr.utils - INFO - 高程内插并更新完成！
2026-03-08 12:31:15 - rc3dr.module2 - INFO - >>> 模块2：河岸点内插执行完毕！
2026-03-08 12:31:27 - rc3dr.module3 - INFO - =============================================
2026-03-08 12:31:27 - rc3dr.module3 - INFO - >>> 启动模块3: 剖面点内插 <<<
2026-03-08 12:31:27 - rc3dr.module3 - INFO - 正在加载数据...
2026-03-08 12:31:27 - rc3dr.module3 - INFO - 正在建立实测剖面形态模型...
2026-03-08 12:31:27 - rc3dr.module3 - INFO - 已构建 44 个实测剖面模型
2026-03-08 12:31:27 - rc3dr.module3 - INFO - 计算接缝高程校正参数...
2026-03-08 12:31:27 - rc3dr.module3 - INFO - 开始生成剖面点 (高性能矩阵运算模式)...
2026-03-08 12:31:27 - rc3dr.module3 - INFO - 已处理 200/6321 个断面
2026-03-08 12:31:27 - rc3dr.module3 - INFO - 已处理 400/6321 个断面
2026-03-08 12:31:27 - rc3dr.module3 - INFO - 已处理 600/6321 个断面
2026-03-08 12:31:27 - rc3dr.module3 - INFO - 已处理 800/6321 个断面
2026-03-08 12:31:27 - rc3dr.module3 - INFO - 已处理 1000/6321 个断面
2026-03-08 12:31:27 - rc3dr.module3 - INFO - 已处理 1200/6321 个断面
2026-03-08 12:31:28 - rc3dr.module3 - INFO - 已处理 1400/6321 个断面
2026-03-08 12:31:28 - rc3dr.module3 - INFO - 已处理 1600/6321 个断面
2026-03-08 12:31:28 - rc3dr.module3 - INFO - 已处理 1800/6321 个断面
2026-03-08 12:31:28 - rc3dr.module3 - INFO - 已处理 2000/6321 个断面
2026-03-08 12:31:28 - rc3dr.module3 - INFO - 已处理 2200/6321 个断面
2026-03-08 12:31:28 - rc3dr.module3 - INFO - 已处理 2400/6321 个断面
2026-03-08 12:31:28 - rc3dr.module3 - INFO - 已处理 2600/6321 个断面
2026-03-08 12:31:28 - rc3dr.module3 - INFO - 已处理 2800/6321 个断面
2026-03-08 12:31:28 - rc3dr.module3 - INFO - 已处理 3000/6321 个断面
2026-03-08 12:31:28 - rc3dr.module3 - INFO - 已处理 3200/6321 个断面
2026-03-08 12:31:28 - rc3dr.module3 - INFO - 已处理 3400/6321 个断面
2026-03-08 12:31:28 - rc3dr.module3 - INFO - 已处理 3600/6321 个断面
2026-03-08 12:31:28 - rc3dr.module3 - INFO - 已处理 3800/6321 个断面
2026-03-08 12:31:28 - rc3dr.module3 - INFO - 已处理 4000/6321 个断面
2026-03-08 12:31:28 - rc3dr.module3 - INFO - 已处理 4200/6321 个断面
2026-03-08 12:31:28 - rc3dr.module3 - INFO - 已处理 4400/6321 个断面
2026-03-08 12:31:28 - rc3dr.module3 - INFO - 已处理 4600/6321 个断面
2026-03-08 12:31:28 - rc3dr.module3 - INFO - 已处理 4800/6321 个断面
2026-03-08 12:31:28 - rc3dr.module3 - INFO - 已处理 5000/6321 个断面
2026-03-08 12:31:28 - rc3dr.module3 - INFO - 已处理 5200/6321 个断面
2026-03-08 12:31:28 - rc3dr.module3 - INFO - 已处理 5400/6321 个断面
2026-03-08 12:31:28 - rc3dr.module3 - INFO - 已处理 5600/6321 个断面
2026-03-08 12:31:28 - rc3dr.module3 - INFO - 已处理 5800/6321 个断面
2026-03-08 12:31:28 - rc3dr.module3 - INFO - 已处理 6000/6321 个断面
2026-03-08 12:31:29 - rc3dr.module3 - INFO - 已处理 6200/6321 个断面
2026-03-08 12:31:29 - rc3dr.module3 - INFO - 正在执行高效点云编排与输出...
2026-03-08 12:31:37 - rc3dr.module3 - INFO - 剖面点内插完成: ../data/intermediate_data/剖面点内插.shp
2026-03-08 12:31:37 - rc3dr.module3 - INFO - >>> 模块3执行完毕！ <<<
2026-03-08 12:31:37 - rc3dr.module3 - INFO - =============================================
2026-03-08 14:52:49 - rc3dr - INFO - RC3DR日志系统初始化完成，日志级别：INFO
2026-03-08 14:52:49 - rc3dr - INFO - 日志文件：D:\0_user\hhu\RC3DR\src\../logs\rc3dr_20260308.log
2026-03-08 14:53:17 - rc3dr.module0 - INFO - 数据预处理模块完成。
2026-03-08 14:53:26 - rc3dr.module1 - INFO - =============================================
2026-03-08 14:53:26 - rc3dr.module1 - INFO - >>> 启动模块1: 河道深泓点内插 <<<
2026-03-08 14:53:26 - rc3dr.module1 - INFO - 1. 正在生成高精度河道轴线...
2026-03-08 14:53:28 - rc3dr.module1 - INFO - 河道轴线已保存至: ../data/intermediate_data\河道轴线.shp
2026-03-08 14:53:28 - rc3dr.module1 - INFO - 2. 正在提取深泓点...
2026-03-08 14:53:28 - rc3dr.module1 - INFO - 共提取 44 个深泓点，已保存至: ../data/intermediate_data\深泓点.shp
2026-03-08 14:53:28 - rc3dr.module1 - INFO - 3. 正在生成深泓线并进行平面内插...
2026-03-08 14:53:29 - rc3dr.module1 - INFO - 深泓线(保形抗过冲+向心贴合)生成完毕，已保存至: ../data/intermediate_data\深泓线.shp
2026-03-08 14:53:30 - rc3dr.module1 - INFO - 沿深泓线定步长(5.0)平面内插完毕，共生成 6352 个点。
2026-03-08 14:53:30 - rc3dr.module1 - INFO - 结果已保存至: ../data/intermediate_data\深泓点内插.shp
2026-03-08 14:53:30 - rc3dr.module1 - INFO - 4. 调用公共模块补全高程...
2026-03-08 14:53:30 - rc3dr.utils - INFO - 正在进行高程内插，读取数据...
2026-03-08 14:53:31 - rc3dr.utils - INFO - 应用 CubicSpline 三次样条插值...
2026-03-08 14:53:31 - rc3dr.utils - INFO - 高程内插并更新完成！
2026-03-08 14:53:31 - rc3dr.module1 - INFO - >>> 模块1执行完毕！ <<<
2026-03-08 14:53:31 - rc3dr.module1 - INFO - =============================================
2026-03-08 14:53:50 - rc3dr.module2 - INFO - >>> 启动模块2：河岸点内插...
2026-03-08 14:53:50 - rc3dr.module2 - INFO - 1. 读取矢量数据进行平面相交分析...
2026-03-08 14:53:55 - rc3dr.module2 - INFO - 原深泓内插点总数 6352，有效保留 6321 个。已更新 深泓点内插.shp。
2026-03-08 14:53:55 - rc3dr.module2 - INFO - 左、右河岸点平面内插计算完毕。
2026-03-08 14:53:55 - rc3dr.module2 - INFO - 2. 调用 utils 进行高程三次样条内插...
2026-03-08 14:53:55 - rc3dr.module2 - INFO - [处理左岸高程]
2026-03-08 14:53:55 - rc3dr.utils - INFO - 正在进行高程内插，读取数据...
2026-03-08 14:53:56 - rc3dr.utils - INFO - 应用 CubicSpline 三次样条插值...
2026-03-08 14:53:57 - rc3dr.utils - INFO - 高程内插并更新完成！
2026-03-08 14:53:57 - rc3dr.module2 - INFO - [处理右岸高程]
2026-03-08 14:53:57 - rc3dr.utils - INFO - 正在进行高程内插，读取数据...
2026-03-08 14:53:58 - rc3dr.utils - INFO - 应用 CubicSpline 三次样条插值...
2026-03-08 14:53:58 - rc3dr.utils - INFO - 高程内插并更新完成！
2026-03-08 14:53:58 - rc3dr.module2 - INFO - >>> 模块2：河岸点内插执行完毕！
2026-03-08 14:54:26 - rc3dr.module3 - INFO - =============================================
2026-03-08 14:54:26 - rc3dr.module3 - INFO - >>> 启动模块3: 剖面点内插 <<<
2026-03-08 14:54:26 - rc3dr.module3 - INFO - 正在加载数据...
2026-03-08 14:54:26 - rc3dr.module3 - INFO - 正在建立实测剖面形态模型...
2026-03-08 14:54:26 - rc3dr.module3 - INFO - 已构建 44 个实测剖面模型
2026-03-08 14:54:26 - rc3dr.module3 - INFO - 计算接缝高程校正参数...
2026-03-08 14:54:26 - rc3dr.module3 - INFO - 开始生成剖面点 (高性能矩阵运算模式)...
2026-03-08 14:54:26 - rc3dr.module3 - INFO - 已处理 200/6321 个断面
2026-03-08 14:54:26 - rc3dr.module3 - INFO - 已处理 400/6321 个断面
2026-03-08 14:54:26 - rc3dr.module3 - INFO - 已处理 600/6321 个断面
2026-03-08 14:54:26 - rc3dr.module3 - INFO - 已处理 800/6321 个断面
2026-03-08 14:54:26 - rc3dr.module3 - INFO - 已处理 1000/6321 个断面
2026-03-08 14:54:26 - rc3dr.module3 - INFO - 已处理 1200/6321 个断面
2026-03-08 14:54:27 - rc3dr.module3 - INFO - 已处理 1400/6321 个断面
2026-03-08 14:54:27 - rc3dr.module3 - INFO - 已处理 1600/6321 个断面
2026-03-08 14:54:27 - rc3dr.module3 - INFO - 已处理 1800/6321 个断面
2026-03-08 14:54:27 - rc3dr.module3 - INFO - 已处理 2000/6321 个断面
2026-03-08 14:54:27 - rc3dr.module3 - INFO - 已处理 2200/6321 个断面
2026-03-08 14:54:27 - rc3dr.module3 - INFO - 已处理 2400/6321 个断面
2026-03-08 14:54:27 - rc3dr.module3 - INFO - 已处理 2600/6321 个断面
2026-03-08 14:54:27 - rc3dr.module3 - INFO - 已处理 2800/6321 个断面
2026-03-08 14:54:27 - rc3dr.module3 - INFO - 已处理 3000/6321 个断面
2026-03-08 14:54:27 - rc3dr.module3 - INFO - 已处理 3200/6321 个断面
2026-03-08 14:54:27 - rc3dr.module3 - INFO - 已处理 3400/6321 个断面
2026-03-08 14:54:27 - rc3dr.module3 - INFO - 已处理 3600/6321 个断面
2026-03-08 14:54:27 - rc3dr.module3 - INFO - 已处理 3800/6321 个断面
2026-03-08 14:54:27 - rc3dr.module3 - INFO - 已处理 4000/6321 个断面
2026-03-08 14:54:27 - rc3dr.module3 - INFO - 已处理 4200/6321 个断面
2026-03-08 14:54:27 - rc3dr.module3 - INFO - 已处理 4400/6321 个断面
2026-03-08 14:54:27 - rc3dr.module3 - INFO - 已处理 4600/6321 个断面
2026-03-08 14:54:27 - rc3dr.module3 - INFO - 已处理 4800/6321 个断面
2026-03-08 14:54:27 - rc3dr.module3 - INFO - 已处理 5000/6321 个断面
2026-03-08 14:54:27 - rc3dr.module3 - INFO - 已处理 5200/6321 个断面
2026-03-08 14:54:27 - rc3dr.module3 - INFO - 已处理 5400/6321 个断面
2026-03-08 14:54:28 - rc3dr.module3 - INFO - 已处理 5600/6321 个断面
2026-03-08 14:54:28 - rc3dr.module3 - INFO - 已处理 5800/6321 个断面
2026-03-08 14:54:28 - rc3dr.module3 - INFO - 已处理 6000/6321 个断面
2026-03-08 14:54:28 - rc3dr.module3 - INFO - 已处理 6200/6321 个断面
2026-03-08 14:54:28 - rc3dr.module3 - INFO - 正在执行高效点云编排与输出...
2026-03-08 14:54:36 - rc3dr.module3 - INFO - 剖面点内插完成: ../data/intermediate_data/剖面点内插.shp
2026-03-08 14:54:36 - rc3dr.module3 - INFO - >>> 模块3执行完毕！ <<<
2026-03-08 14:54:36 - rc3dr.module3 - INFO - =============================================
2026-03-08 15:16:49 - rc3dr - INFO - RC3DR日志系统初始化完成，日志级别：INFO
2026-03-08 15:16:49 - rc3dr - INFO - 日志文件：D:\0_user\hhu\RC3DR\src\../logs\rc3dr_20260308.log
2026-03-08 15:16:49 - rc3dr.module0 - INFO - 河道边界面生成完成。
2026-03-08 15:16:49 - rc3dr.module0 - INFO - 数据预处理模块完成。
2026-03-08 15:16:49 - rc3dr.module0 - INFO - 预处理完成！
2026-03-08 15:25:42 - rc3dr - INFO - RC3DR日志系统初始化完成，日志级别：INFO
2026-03-08 15:25:42 - rc3dr - INFO - 日志文件：D:\0_user\hhu\RC3DR\src\../logs\rc3dr_20260308.log
2026-03-08 15:25:51 - rc3dr.module0 - INFO - 河道边界面生成完成。
2026-03-08 15:25:51 - rc3dr.module0 - INFO - 数据预处理模块完成。
2026-03-08 15:31:38 - rc3dr - INFO - RC3DR日志系统初始化完成，日志级别：INFO
2026-03-08 15:31:38 - rc3dr - INFO - 日志文件：D:\0_user\hhu\RC3DR\src\../logs\rc3dr_20260308.log
2026-03-08 15:31:45 - rc3dr.module0 - INFO - 河道边界面生成完成。
2026-03-08 15:31:46 - rc3dr.module0 - INFO - 数据预处理模块完成。
2026-03-08 15:38:00 - rc3dr - INFO - RC3DR日志系统初始化完成，日志级别：INFO
2026-03-08 15:38:00 - rc3dr - INFO - 日志文件：D:\0_user\hhu\RC3DR\src\../logs\rc3dr_20260308.log
2026-03-08 15:38:44 - rc3dr.module0 - INFO - 河道边界面生成完成。
2026-03-08 15:38:44 - rc3dr.module0 - INFO - 数据预处理模块完成。
2026-03-08 15:38:55 - rc3dr.module1 - INFO - =============================================
2026-03-08 15:38:55 - rc3dr.module1 - INFO - >>> 启动模块1: 河道深泓点内插 <<<
2026-03-08 15:38:55 - rc3dr.module1 - INFO - 1. 正在生成高精度河道轴线...
2026-03-08 15:38:57 - rc3dr.module1 - INFO - 河道轴线已保存至: ../data/intermediate_data\河道轴线.shp
2026-03-08 15:38:57 - rc3dr.module1 - INFO - 2. 正在提取深泓点...
2026-03-08 15:38:57 - rc3dr.module1 - INFO - 共提取 44 个深泓点，已保存至: ../data/intermediate_data\深泓点.shp
2026-03-08 15:38:57 - rc3dr.module1 - INFO - 3. 正在生成深泓线并进行平面内插...
2026-03-08 15:38:57 - rc3dr.module1 - INFO - 深泓线(保形抗过冲+向心贴合)生成完毕，已保存至: ../data/intermediate_data\深泓线.shp
2026-03-08 15:38:58 - rc3dr.module1 - INFO - 沿深泓线定步长(5.0)平面内插完毕，共生成 6352 个点。
2026-03-08 15:38:58 - rc3dr.module1 - INFO - 结果已保存至: ../data/intermediate_data\深泓点内插.shp
2026-03-08 15:38:58 - rc3dr.module1 - INFO - 4. 调用公共模块补全高程...
2026-03-08 15:38:58 - rc3dr.utils - INFO - 正在进行高程内插，读取数据...
2026-03-08 15:38:59 - rc3dr.utils - INFO - 应用 CubicSpline 三次样条插值...
2026-03-08 15:39:00 - rc3dr.utils - INFO - 高程内插并更新完成！
2026-03-08 15:39:00 - rc3dr.module1 - INFO - >>> 模块1执行完毕！ <<<
2026-03-08 15:39:00 - rc3dr.module1 - INFO - =============================================
2026-03-08 15:39:28 - rc3dr.module2 - INFO - >>> 启动模块2：河岸点内插...
2026-03-08 15:39:28 - rc3dr.module2 - INFO - 1. 读取矢量数据进行平面相交分析...
2026-03-08 15:39:33 - rc3dr.module2 - INFO - 原深泓内插点总数 6352，有效保留 6321 个。已更新 深泓点内插.shp。
2026-03-08 15:39:33 - rc3dr.module2 - INFO - 左、右河岸点平面内插计算完毕。
2026-03-08 15:39:33 - rc3dr.module2 - INFO - 2. 调用 utils 进行高程三次样条内插...
2026-03-08 15:39:33 - rc3dr.module2 - INFO - [处理左岸高程]
2026-03-08 15:39:33 - rc3dr.utils - INFO - 正在进行高程内插，读取数据...
2026-03-08 15:39:34 - rc3dr.utils - INFO - 应用 CubicSpline 三次样条插值...
2026-03-08 15:39:35 - rc3dr.utils - INFO - 高程内插并更新完成！
2026-03-08 15:39:35 - rc3dr.module2 - INFO - [处理右岸高程]
2026-03-08 15:39:35 - rc3dr.utils - INFO - 正在进行高程内插，读取数据...
2026-03-08 15:39:36 - rc3dr.utils - INFO - 应用 CubicSpline 三次样条插值...
2026-03-08 15:39:36 - rc3dr.utils - INFO - 高程内插并更新完成！
2026-03-08 15:39:36 - rc3dr.module2 - INFO - >>> 模块2：河岸点内插执行完毕！
2026-03-08 15:39:59 - rc3dr.module3 - INFO - =============================================
2026-03-08 15:39:59 - rc3dr.module3 - INFO - >>> 启动模块3: 剖面点内插 <<<
2026-03-08 15:39:59 - rc3dr.module3 - INFO - 正在加载数据...
2026-03-08 15:39:59 - rc3dr.module3 - INFO - 正在建立实测剖面形态模型...
2026-03-08 15:40:00 - rc3dr.module3 - INFO - 已构建 44 个实测剖面模型
2026-03-08 15:40:00 - rc3dr.module3 - INFO - 计算接缝高程校正参数...
2026-03-08 15:40:00 - rc3dr.module3 - INFO - 开始生成剖面点 (高性能矩阵运算模式)...
2026-03-08 15:40:00 - rc3dr.module3 - INFO - 已处理 200/6321 个断面
2026-03-08 15:40:00 - rc3dr.module3 - INFO - 已处理 400/6321 个断面
2026-03-08 15:40:00 - rc3dr.module3 - INFO - 已处理 600/6321 个断面
2026-03-08 15:40:00 - rc3dr.module3 - INFO - 已处理 800/6321 个断面
2026-03-08 15:40:00 - rc3dr.module3 - INFO - 已处理 1000/6321 个断面
2026-03-08 15:40:00 - rc3dr.module3 - INFO - 已处理 1200/6321 个断面
2026-03-08 15:40:00 - rc3dr.module3 - INFO - 已处理 1400/6321 个断面
2026-03-08 15:40:00 - rc3dr.module3 - INFO - 已处理 1600/6321 个断面
2026-03-08 15:40:00 - rc3dr.module3 - INFO - 已处理 1800/6321 个断面
2026-03-08 15:40:00 - rc3dr.module3 - INFO - 已处理 2000/6321 个断面
2026-03-08 15:40:00 - rc3dr.module3 - INFO - 已处理 2200/6321 个断面
2026-03-08 15:40:00 - rc3dr.module3 - INFO - 已处理 2400/6321 个断面
2026-03-08 15:40:00 - rc3dr.module3 - INFO - 已处理 2600/6321 个断面
2026-03-08 15:40:00 - rc3dr.module3 - INFO - 已处理 2800/6321 个断面
2026-03-08 15:40:00 - rc3dr.module3 - INFO - 已处理 3000/6321 个断面
2026-03-08 15:40:00 - rc3dr.module3 - INFO - 已处理 3200/6321 个断面
2026-03-08 15:40:00 - rc3dr.module3 - INFO - 已处理 3400/6321 个断面
2026-03-08 15:40:00 - rc3dr.module3 - INFO - 已处理 3600/6321 个断面
2026-03-08 15:40:00 - rc3dr.module3 - INFO - 已处理 3800/6321 个断面
2026-03-08 15:40:00 - rc3dr.module3 - INFO - 已处理 4000/6321 个断面
2026-03-08 15:40:00 - rc3dr.module3 - INFO - 已处理 4200/6321 个断面
2026-03-08 15:40:01 - rc3dr.module3 - INFO - 已处理 4400/6321 个断面
2026-03-08 15:40:01 - rc3dr.module3 - INFO - 已处理 4600/6321 个断面
2026-03-08 15:40:01 - rc3dr.module3 - INFO - 已处理 4800/6321 个断面
2026-03-08 15:40:01 - rc3dr.module3 - INFO - 已处理 5000/6321 个断面
2026-03-08 15:40:01 - rc3dr.module3 - INFO - 已处理 5200/6321 个断面
2026-03-08 15:40:01 - rc3dr.module3 - INFO - 已处理 5400/6321 个断面
2026-03-08 15:40:01 - rc3dr.module3 - INFO - 已处理 5600/6321 个断面
2026-03-08 15:40:01 - rc3dr.module3 - INFO - 已处理 5800/6321 个断面
2026-03-08 15:40:01 - rc3dr.module3 - INFO - 已处理 6000/6321 个断面
2026-03-08 15:40:01 - rc3dr.module3 - INFO - 已处理 6200/6321 个断面
2026-03-08 15:40:01 - rc3dr.module3 - INFO - 正在执行高效点云编排与输出...
2026-03-08 15:40:10 - rc3dr.module3 - INFO - 剖面点内插完成: ../data/intermediate_data/剖面点内插.shp
2026-03-08 15:40:10 - rc3dr.module3 - INFO - >>> 模块3执行完毕！ <<<
2026-03-08 15:40:10 - rc3dr.module3 - INFO - =============================================
2026-03-08 15:55:24 - rc3dr - INFO - RC3DR日志系统初始化完成，日志级别：INFO
2026-03-08 15:55:24 - rc3dr - INFO - 日志文件：D:\0_user\hhu\RC3DR\src\../logs\rc3dr_20260308.log
2026-03-08 15:55:59 - rc3dr.module0 - INFO - 河道边界面生成完成。
2026-03-08 15:55:59 - rc3dr.module0 - INFO - 数据预处理模块完成。
2026-03-08 15:56:12 - rc3dr.module1 - INFO - =============================================
2026-03-08 15:56:12 - rc3dr.module1 - INFO - >>> 启动模块1: 河道深泓点内插 <<<
2026-03-08 15:56:12 - rc3dr.module1 - INFO - 1. 正在生成高精度河道轴线...
2026-03-08 15:56:13 - rc3dr.module1 - INFO - 河道轴线已保存至: ../data/intermediate_data\河道轴线.shp
2026-03-08 15:56:13 - rc3dr.module1 - INFO - 2. 正在提取深泓点...
2026-03-08 15:56:14 - rc3dr.module1 - INFO - 共提取 44 个深泓点，已保存至: ../data/intermediate_data\深泓点.shp
2026-03-08 15:56:14 - rc3dr.module1 - INFO - 3. 正在生成深泓线并进行平面内插...
2026-03-08 15:56:14 - rc3dr.module1 - INFO - 深泓线(保形抗过冲+向心贴合)生成完毕，已保存至: ../data/intermediate_data\深泓线.shp
2026-03-08 15:56:15 - rc3dr.module1 - INFO - 沿深泓线定步长(5.0)平面内插完毕，共生成 6352 个点。
2026-03-08 15:56:15 - rc3dr.module1 - INFO - 结果已保存至: ../data/intermediate_data\深泓点内插.shp
2026-03-08 15:56:15 - rc3dr.module1 - INFO - 4. 调用公共模块补全高程...
2026-03-08 15:56:15 - rc3dr.utils - INFO - 正在进行高程内插，读取数据...
2026-03-08 15:56:16 - rc3dr.utils - INFO - 应用 CubicSpline 三次样条插值...
2026-03-08 15:56:17 - rc3dr.utils - INFO - 高程内插并更新完成！
2026-03-08 15:56:17 - rc3dr.module1 - INFO - >>> 模块1执行完毕！ <<<
2026-03-08 15:56:17 - rc3dr.module1 - INFO - =============================================
2026-03-08 15:56:47 - rc3dr.module2 - INFO - >>> 启动模块2：河岸点内插...
2026-03-08 15:56:47 - rc3dr.module2 - INFO - 1. 读取矢量数据进行平面相交分析...
2026-03-08 15:56:52 - rc3dr.module2 - INFO - 原深泓内插点总数 6352，有效保留 6321 个。已更新 深泓点内插.shp。
2026-03-08 15:56:52 - rc3dr.module2 - INFO - 左、右河岸点平面内插计算完毕。
2026-03-08 15:56:52 - rc3dr.module2 - INFO - 2. 调用 utils 进行高程三次样条内插...
2026-03-08 15:56:52 - rc3dr.module2 - INFO - [处理左岸高程]
2026-03-08 15:56:52 - rc3dr.utils - INFO - 正在进行高程内插，读取数据...
2026-03-08 15:56:53 - rc3dr.utils - INFO - 应用 CubicSpline 三次样条插值...
2026-03-08 15:56:54 - rc3dr.utils - INFO - 高程内插并更新完成！
2026-03-08 15:56:54 - rc3dr.module2 - INFO - [处理右岸高程]
2026-03-08 15:56:54 - rc3dr.utils - INFO - 正在进行高程内插，读取数据...
2026-03-08 15:56:55 - rc3dr.utils - INFO - 应用 CubicSpline 三次样条插值...
2026-03-08 15:56:55 - rc3dr.utils - INFO - 高程内插并更新完成！
2026-03-08 15:56:55 - rc3dr.module2 - INFO - >>> 模块2：河岸点内插执行完毕！
2026-03-08 15:57:25 - rc3dr.module3 - INFO - =============================================
2026-03-08 15:57:25 - rc3dr.module3 - INFO - >>> 启动模块3: 剖面点内插 <<<
2026-03-08 15:57:25 - rc3dr.module3 - INFO - 正在加载数据...
2026-03-08 15:57:26 - rc3dr.module3 - INFO - 正在建立实测剖面形态模型...
2026-03-08 15:57:26 - rc3dr.module3 - INFO - 已构建 44 个实测剖面模型
2026-03-08 15:57:26 - rc3dr.module3 - INFO - 计算接缝高程校正参数...
2026-03-08 15:57:26 - rc3dr.module3 - INFO - 开始生成剖面点 (高性能矩阵运算模式)...
2026-03-08 15:57:26 - rc3dr.module3 - INFO - 已处理 200/6321 个断面
2026-03-08 15:57:26 - rc3dr.module3 - INFO - 已处理 400/6321 个断面
2026-03-08 15:57:26 - rc3dr.module3 - INFO - 已处理 600/6321 个断面
2026-03-08 15:57:26 - rc3dr.module3 - INFO - 已处理 800/6321 个断面
2026-03-08 15:57:26 - rc3dr.module3 - INFO - 已处理 1000/6321 个断面
2026-03-08 15:57:26 - rc3dr.module3 - INFO - 已处理 1200/6321 个断面
2026-03-08 15:57:26 - rc3dr.module3 - INFO - 已处理 1400/6321 个断面
2026-03-08 15:57:26 - rc3dr.module3 - INFO - 已处理 1600/6321 个断面
2026-03-08 15:57:26 - rc3dr.module3 - INFO - 已处理 1800/6321 个断面
2026-03-08 15:57:26 - rc3dr.module3 - INFO - 已处理 2000/6321 个断面
2026-03-08 15:57:26 - rc3dr.module3 - INFO - 已处理 2200/6321 个断面
2026-03-08 15:57:26 - rc3dr.module3 - INFO - 已处理 2400/6321 个断面
2026-03-08 15:57:26 - rc3dr.module3 - INFO - 已处理 2600/6321 个断面
2026-03-08 15:57:26 - rc3dr.module3 - INFO - 已处理 2800/6321 个断面
2026-03-08 15:57:26 - rc3dr.module3 - INFO - 已处理 3000/6321 个断面
2026-03-08 15:57:27 - rc3dr.module3 - INFO - 已处理 3200/6321 个断面
2026-03-08 15:57:27 - rc3dr.module3 - INFO - 已处理 3400/6321 个断面
2026-03-08 15:57:27 - rc3dr.module3 - INFO - 已处理 3600/6321 个断面
2026-03-08 15:57:27 - rc3dr.module3 - INFO - 已处理 3800/6321 个断面
2026-03-08 15:57:27 - rc3dr.module3 - INFO - 已处理 4000/6321 个断面
2026-03-08 15:57:27 - rc3dr.module3 - INFO - 已处理 4200/6321 个断面
2026-03-08 15:57:27 - rc3dr.module3 - INFO - 已处理 4400/6321 个断面
2026-03-08 15:57:27 - rc3dr.module3 - INFO - 已处理 4600/6321 个断面
2026-03-08 15:57:27 - rc3dr.module3 - INFO - 已处理 4800/6321 个断面
2026-03-08 15:57:27 - rc3dr.module3 - INFO - 已处理 5000/6321 个断面
2026-03-08 15:57:27 - rc3dr.module3 - INFO - 已处理 5200/6321 个断面
2026-03-08 15:57:27 - rc3dr.module3 - INFO - 已处理 5400/6321 个断面
2026-03-08 15:57:27 - rc3dr.module3 - INFO - 已处理 5600/6321 个断面
2026-03-08 15:57:27 - rc3dr.module3 - INFO - 已处理 5800/6321 个断面
2026-03-08 15:57:27 - rc3dr.module3 - INFO - 已处理 6000/6321 个断面
2026-03-08 15:57:27 - rc3dr.module3 - INFO - 已处理 6200/6321 个断面
2026-03-08 15:57:27 - rc3dr.module3 - INFO - 正在执行高效点云编排与输出...
2026-03-08 15:57:36 - rc3dr.module3 - INFO - 剖面点内插完成: ../data/intermediate_data/剖面点内插.shp
2026-03-08 15:57:36 - rc3dr.module3 - INFO - >>> 模块3执行完毕！ <<<
2026-03-08 15:57:36 - rc3dr.module3 - INFO - =============================================
2026-03-08 17:14:26 - rc3dr - INFO - RC3DR日志系统初始化完成，日志级别：INFO
2026-03-08 17:14:26 - rc3dr - INFO - 日志文件：D:\0_user\hhu\RC3DR\src\../logs\rc3dr_20260308.log
