2026-03-10 10:26:24 - rc3dr - INFO - RC3DR日志系统初始化完成，日志级别：INFO
2026-03-10 10:26:24 - rc3dr - INFO - 日志文件：D:\0_user\hhu\RC3DR\src\../logs\rc3dr_20260310.log
2026-03-10 10:26:47 - rc3dr - INFO - RC3DR日志系统初始化完成，日志级别：INFO
2026-03-10 10:26:47 - rc3dr - INFO - 日志文件：D:\0_user\hhu\RC3DR\src\../logs\rc3dr_20260310.log
2026-03-10 10:35:33 - rc3dr - INFO - RC3DR日志系统初始化完成，日志级别：INFO
2026-03-10 10:35:33 - rc3dr - INFO - 日志文件：D:\0_user\hhu\RC3DR\src\../logs\rc3dr_20260310.log
2026-03-10 10:37:36 - rc3dr - INFO - RC3DR日志系统初始化完成，日志级别：INFO
2026-03-10 10:37:36 - rc3dr - INFO - 日志文件：D:\0_user\hhu\RC3DR\src\../logs\rc3dr_20260310.log
2026-03-10 10:38:02 - rc3dr - INFO - RC3DR日志系统初始化完成，日志级别：INFO
2026-03-10 10:38:02 - rc3dr - INFO - 日志文件：D:\0_user\hhu\RC3DR\src\../logs\rc3dr_20260310.log
2026-03-10 10:39:02 - rc3dr - INFO - RC3DR日志系统初始化完成，日志级别：INFO
2026-03-10 10:39:02 - rc3dr - INFO - 日志文件：D:\0_user\hhu\RC3DR\src\../logs\rc3dr_20260310.log
2026-03-10 10:39:31 - rc3dr - INFO - RC3DR日志系统初始化完成，日志级别：INFO
2026-03-10 10:39:31 - rc3dr - INFO - 日志文件：D:\0_user\hhu\RC3DR\src\../logs\rc3dr_20260310.log
2026-03-10 10:39:40 - rc3dr.module0 - INFO - 河道边界面生成完成。
2026-03-10 10:39:40 - rc3dr.module0 - INFO - 数据预处理模块完成。
2026-03-10 10:39:44 - rc3dr.module1 - INFO - =============================================
2026-03-10 10:39:44 - rc3dr.module1 - INFO - >>> 启动模块1: 河道深泓点内插 <<<
2026-03-10 10:39:44 - rc3dr.module1 - INFO - 1. 正在生成高精度河道轴线...
2026-03-10 10:39:45 - rc3dr.module1 - INFO - 河道轴线已保存至: ../data/intermediate_data\河道轴线.shp
2026-03-10 10:39:45 - rc3dr.module1 - INFO - 2. 正在提取深泓点...
2026-03-10 10:39:45 - rc3dr.module1 - INFO - 共提取 44 个深泓点，已保存至: ../data/intermediate_data\深泓点.shp
2026-03-10 10:39:45 - rc3dr.module1 - INFO - 3. 正在生成深泓线并进行平面内插...
2026-03-10 10:39:46 - rc3dr.module1 - INFO - 深泓线(保形抗过冲+向心贴合)生成完毕，已保存至: ../data/intermediate_data\深泓线.shp
2026-03-10 10:39:47 - rc3dr.module1 - INFO - 沿深泓线定步长(5.0)平面内插完毕，共生成 6352 个点。
2026-03-10 10:39:47 - rc3dr.module1 - INFO - 结果已保存至: ../data/intermediate_data\深泓点内插.shp
2026-03-10 10:39:47 - rc3dr.module1 - INFO - 4. 调用公共模块补全高程...
2026-03-10 10:39:47 - rc3dr.utils - INFO - 正在进行高程内插，读取数据...
2026-03-10 10:39:48 - rc3dr.utils - INFO - 应用 CubicSpline 三次样条插值...
2026-03-10 10:39:48 - rc3dr.utils - INFO - 高程内插并更新完成！
2026-03-10 10:39:48 - rc3dr.module1 - INFO - >>> 模块1执行完毕！ <<<
2026-03-10 10:39:48 - rc3dr.module1 - INFO - =============================================
2026-03-10 10:39:53 - rc3dr.module2 - INFO - >>> 启动模块2：河岸点内插...
2026-03-10 10:39:53 - rc3dr.module2 - INFO - 1. 读取矢量数据进行平面相交分析...
2026-03-10 10:39:58 - rc3dr.module2 - INFO - 原深泓内插点总数 6352，有效保留 6321 个。已更新 深泓点内插.shp。
2026-03-10 10:39:58 - rc3dr.module2 - INFO - 左、右河岸点平面内插计算完毕。
2026-03-10 10:39:58 - rc3dr.module2 - INFO - 2. 调用 utils 进行高程三次样条内插...
2026-03-10 10:39:58 - rc3dr.module2 - INFO - [处理左岸高程]
2026-03-10 10:39:58 - rc3dr.utils - INFO - 正在进行高程内插，读取数据...
2026-03-10 10:39:59 - rc3dr.utils - INFO - 应用 CubicSpline 三次样条插值...
2026-03-10 10:39:59 - rc3dr.utils - INFO - 高程内插并更新完成！
2026-03-10 10:39:59 - rc3dr.module2 - INFO - [处理右岸高程]
2026-03-10 10:39:59 - rc3dr.utils - INFO - 正在进行高程内插，读取数据...
2026-03-10 10:40:00 - rc3dr.utils - INFO - 应用 CubicSpline 三次样条插值...
2026-03-10 10:40:00 - rc3dr.utils - INFO - 高程内插并更新完成！
2026-03-10 10:40:00 - rc3dr.module2 - INFO - >>> 模块2：河岸点内插执行完毕！
2026-03-10 10:40:07 - rc3dr.module3 - INFO - =============================================
2026-03-10 10:40:07 - rc3dr.module3 - INFO - >>> 启动模块3: 剖面点内插 <<<
2026-03-10 10:40:07 - rc3dr.module3 - INFO - 正在加载数据...
2026-03-10 10:40:07 - rc3dr.module3 - INFO - 正在建立实测剖面形态模型...
2026-03-10 10:40:07 - rc3dr.module3 - INFO - 已构建 44 个实测剖面模型
2026-03-10 10:40:07 - rc3dr.module3 - INFO - 计算接缝高程校正参数...
2026-03-10 10:40:07 - rc3dr.module3 - INFO - 开始生成剖面点 (高性能矩阵运算模式)...
2026-03-10 10:40:07 - rc3dr.module3 - INFO - 已处理 200/6321 个断面
2026-03-10 10:40:07 - rc3dr.module3 - INFO - 已处理 400/6321 个断面
2026-03-10 10:40:07 - rc3dr.module3 - INFO - 已处理 600/6321 个断面
2026-03-10 10:40:08 - rc3dr.module3 - INFO - 已处理 800/6321 个断面
2026-03-10 10:40:08 - rc3dr.module3 - INFO - 已处理 1000/6321 个断面
2026-03-10 10:40:08 - rc3dr.module3 - INFO - 已处理 1200/6321 个断面
2026-03-10 10:40:08 - rc3dr.module3 - INFO - 已处理 1400/6321 个断面
2026-03-10 10:40:08 - rc3dr.module3 - INFO - 已处理 1600/6321 个断面
2026-03-10 10:40:08 - rc3dr.module3 - INFO - 已处理 1800/6321 个断面
2026-03-10 10:40:08 - rc3dr.module3 - INFO - 已处理 2000/6321 个断面
2026-03-10 10:40:08 - rc3dr.module3 - INFO - 已处理 2200/6321 个断面
2026-03-10 10:40:08 - rc3dr.module3 - INFO - 已处理 2400/6321 个断面
2026-03-10 10:40:08 - rc3dr.module3 - INFO - 已处理 2600/6321 个断面
2026-03-10 10:40:08 - rc3dr.module3 - INFO - 已处理 2800/6321 个断面
2026-03-10 10:40:08 - rc3dr.module3 - INFO - 已处理 3000/6321 个断面
2026-03-10 10:40:08 - rc3dr.module3 - INFO - 已处理 3200/6321 个断面
2026-03-10 10:40:08 - rc3dr.module3 - INFO - 已处理 3400/6321 个断面
2026-03-10 10:40:08 - rc3dr.module3 - INFO - 已处理 3600/6321 个断面
2026-03-10 10:40:08 - rc3dr.module3 - INFO - 已处理 3800/6321 个断面
2026-03-10 10:40:08 - rc3dr.module3 - INFO - 已处理 4000/6321 个断面
2026-03-10 10:40:08 - rc3dr.module3 - INFO - 已处理 4200/6321 个断面
2026-03-10 10:40:08 - rc3dr.module3 - INFO - 已处理 4400/6321 个断面
2026-03-10 10:40:08 - rc3dr.module3 - INFO - 已处理 4600/6321 个断面
2026-03-10 10:40:08 - rc3dr.module3 - INFO - 已处理 4800/6321 个断面
2026-03-10 10:40:08 - rc3dr.module3 - INFO - 已处理 5000/6321 个断面
2026-03-10 10:40:08 - rc3dr.module3 - INFO - 已处理 5200/6321 个断面
2026-03-10 10:40:08 - rc3dr.module3 - INFO - 已处理 5400/6321 个断面
2026-03-10 10:40:09 - rc3dr.module3 - INFO - 已处理 5600/6321 个断面
2026-03-10 10:40:09 - rc3dr.module3 - INFO - 已处理 5800/6321 个断面
2026-03-10 10:40:09 - rc3dr.module3 - INFO - 已处理 6000/6321 个断面
2026-03-10 10:40:09 - rc3dr.module3 - INFO - 已处理 6200/6321 个断面
2026-03-10 10:40:09 - rc3dr.module3 - INFO - 正在执行高效点云编排与输出...
2026-03-10 10:40:16 - rc3dr.module3 - INFO - 剖面点内插完成: ../data/intermediate_data/剖面点内插.shp
2026-03-10 10:40:16 - rc3dr.module3 - INFO - >>> 模块3执行完毕！ <<<
2026-03-10 10:40:16 - rc3dr.module3 - INFO - =============================================
2026-03-10 11:17:42 - rc3dr - INFO - RC3DR日志系统初始化完成，日志级别：INFO
2026-03-10 11:17:42 - rc3dr - INFO - 日志文件：D:\0_user\hhu\RC3DR\src\../logs\rc3dr_20260310.log
2026-03-10 11:18:04 - rc3dr.module1 - INFO - =============================================
2026-03-10 11:18:04 - rc3dr.module1 - INFO - >>> 启动模块1: 河道深泓点内插 <<<
2026-03-10 11:18:04 - rc3dr.module1 - INFO - 1. 正在生成高精度河道轴线...
2026-03-10 11:18:06 - rc3dr.module1 - INFO - 河道轴线已保存至: D:\0_user\hhu\RC3DR\data\intermediate_data\河道轴线.shp
2026-03-10 11:18:06 - rc3dr.module1 - INFO - 2. 正在提取深泓点...
2026-03-10 11:18:06 - rc3dr.module1 - INFO - 共提取 44 个深泓点，已保存至: D:\0_user\hhu\RC3DR\data\intermediate_data\深泓点.shp
2026-03-10 11:18:06 - rc3dr.module1 - INFO - 3. 正在生成深泓线并进行平面内插...
2026-03-10 11:18:07 - rc3dr.module1 - INFO - 深泓线(保形抗过冲+向心贴合)生成完毕，已保存至: D:\0_user\hhu\RC3DR\data\intermediate_data\深泓线.shp
2026-03-10 11:18:08 - rc3dr.module1 - INFO - 沿深泓线定步长(5.0)平面内插完毕，共生成 6352 个点。
2026-03-10 11:18:08 - rc3dr.module1 - INFO - 结果已保存至: D:\0_user\hhu\RC3DR\data\intermediate_data\深泓点内插.shp
2026-03-10 11:18:08 - rc3dr.module1 - INFO - 4. 调用公共模块补全高程...
2026-03-10 11:18:08 - rc3dr.utils - INFO - 正在进行高程内插，读取数据...
2026-03-10 11:18:09 - rc3dr.utils - INFO - 应用 CubicSpline 三次样条插值...
2026-03-10 11:18:10 - rc3dr.utils - INFO - 高程内插并更新完成！
2026-03-10 11:18:10 - rc3dr.module1 - INFO - >>> 模块1执行完毕！ <<<
2026-03-10 11:18:10 - rc3dr.module1 - INFO - =============================================
2026-03-10 11:18:17 - rc3dr.module2 - INFO - >>> 启动模块2：河岸点内插...
2026-03-10 11:18:17 - rc3dr.module2 - INFO - 1. 读取矢量数据进行平面相交分析...
2026-03-10 11:18:22 - rc3dr.module2 - INFO - 原深泓内插点总数 6352，有效保留 6321 个。已更新 深泓点内插.shp。
2026-03-10 11:18:22 - rc3dr.module2 - INFO - 左、右河岸点平面内插计算完毕。
2026-03-10 11:18:22 - rc3dr.module2 - INFO - 2. 调用 utils 进行高程三次样条内插...
2026-03-10 11:18:22 - rc3dr.module2 - INFO - [处理左岸高程]
2026-03-10 11:18:22 - rc3dr.utils - INFO - 正在进行高程内插，读取数据...
2026-03-10 11:18:23 - rc3dr.utils - INFO - 应用 CubicSpline 三次样条插值...
2026-03-10 11:18:24 - rc3dr.utils - INFO - 高程内插并更新完成！
2026-03-10 11:18:24 - rc3dr.module2 - INFO - [处理右岸高程]
2026-03-10 11:18:24 - rc3dr.utils - INFO - 正在进行高程内插，读取数据...
2026-03-10 11:18:25 - rc3dr.utils - INFO - 应用 CubicSpline 三次样条插值...
2026-03-10 11:18:25 - rc3dr.utils - INFO - 高程内插并更新完成！
2026-03-10 11:18:25 - rc3dr.module2 - INFO - >>> 模块2：河岸点内插执行完毕！
2026-03-10 11:18:31 - rc3dr.module3 - INFO - =============================================
2026-03-10 11:18:31 - rc3dr.module3 - INFO - >>> 启动模块3: 剖面点内插 <<<
2026-03-10 11:18:31 - rc3dr.module3 - INFO - 正在加载数据...
2026-03-10 11:18:32 - rc3dr.module3 - INFO - 正在建立实测剖面形态模型...
2026-03-10 11:18:32 - rc3dr.module3 - INFO - 已构建 44 个实测剖面模型
2026-03-10 11:18:32 - rc3dr.module3 - INFO - 计算接缝高程校正参数...
2026-03-10 11:18:32 - rc3dr.module3 - INFO - 开始生成剖面点 (高性能矩阵运算模式)...
2026-03-10 11:18:32 - rc3dr.module3 - INFO - 已处理 200/6321 个断面
2026-03-10 11:18:32 - rc3dr.module3 - INFO - 已处理 400/6321 个断面
2026-03-10 11:18:32 - rc3dr.module3 - INFO - 已处理 600/6321 个断面
2026-03-10 11:18:32 - rc3dr.module3 - INFO - 已处理 800/6321 个断面
2026-03-10 11:18:32 - rc3dr.module3 - INFO - 已处理 1000/6321 个断面
2026-03-10 11:18:32 - rc3dr.module3 - INFO - 已处理 1200/6321 个断面
2026-03-10 11:18:32 - rc3dr.module3 - INFO - 已处理 1400/6321 个断面
2026-03-10 11:18:32 - rc3dr.module3 - INFO - 已处理 1600/6321 个断面
2026-03-10 11:18:33 - rc3dr.module3 - INFO - 已处理 1800/6321 个断面
2026-03-10 11:18:33 - rc3dr.module3 - INFO - 已处理 2000/6321 个断面
2026-03-10 11:18:33 - rc3dr.module3 - INFO - 已处理 2200/6321 个断面
2026-03-10 11:18:33 - rc3dr.module3 - INFO - 已处理 2400/6321 个断面
2026-03-10 11:18:33 - rc3dr.module3 - INFO - 已处理 2600/6321 个断面
2026-03-10 11:18:33 - rc3dr.module3 - INFO - 已处理 2800/6321 个断面
2026-03-10 11:18:33 - rc3dr.module3 - INFO - 已处理 3000/6321 个断面
2026-03-10 11:18:33 - rc3dr.module3 - INFO - 已处理 3200/6321 个断面
2026-03-10 11:18:33 - rc3dr.module3 - INFO - 已处理 3400/6321 个断面
2026-03-10 11:18:33 - rc3dr.module3 - INFO - 已处理 3600/6321 个断面
2026-03-10 11:18:33 - rc3dr.module3 - INFO - 已处理 3800/6321 个断面
2026-03-10 11:18:33 - rc3dr.module3 - INFO - 已处理 4000/6321 个断面
2026-03-10 11:18:33 - rc3dr.module3 - INFO - 已处理 4200/6321 个断面
2026-03-10 11:18:33 - rc3dr.module3 - INFO - 已处理 4400/6321 个断面
2026-03-10 11:18:33 - rc3dr.module3 - INFO - 已处理 4600/6321 个断面
2026-03-10 11:18:33 - rc3dr.module3 - INFO - 已处理 4800/6321 个断面
2026-03-10 11:18:33 - rc3dr.module3 - INFO - 已处理 5000/6321 个断面
2026-03-10 11:18:33 - rc3dr.module3 - INFO - 已处理 5200/6321 个断面
2026-03-10 11:18:34 - rc3dr.module3 - INFO - 已处理 5400/6321 个断面
2026-03-10 11:18:34 - rc3dr.module3 - INFO - 已处理 5600/6321 个断面
2026-03-10 11:18:34 - rc3dr.module3 - INFO - 已处理 5800/6321 个断面
2026-03-10 11:18:34 - rc3dr.module3 - INFO - 已处理 6000/6321 个断面
2026-03-10 11:18:34 - rc3dr.module3 - INFO - 已处理 6200/6321 个断面
2026-03-10 11:18:34 - rc3dr.module3 - INFO - 正在执行高效点云编排与输出...
2026-03-10 11:18:43 - rc3dr.module3 - INFO - 剖面点内插完成: D:\0_user\hhu\RC3DR\data\intermediate_data/剖面点内插.shp
2026-03-10 11:18:43 - rc3dr.module3 - INFO - >>> 模块3执行完毕！ <<<
2026-03-10 11:18:43 - rc3dr.module3 - INFO - =============================================
2026-03-10 11:21:14 - rc3dr - INFO - RC3DR日志系统初始化完成，日志级别：INFO
2026-03-10 11:21:14 - rc3dr - INFO - 日志文件：D:\0_user\hhu\RC3DR\src\../logs\rc3dr_20260310.log
2026-03-10 11:26:54 - rc3dr - INFO - RC3DR日志系统初始化完成，日志级别：INFO
2026-03-10 11:26:54 - rc3dr - INFO - 日志文件：D:\0_user\hhu\RC3DR\src\../logs\rc3dr_20260310.log
2026-03-10 11:27:01 - rc3dr.module0 - INFO - 河道边界面生成完成。
2026-03-10 11:27:01 - rc3dr.module0 - INFO - 数据预处理模块完成。
2026-03-10 11:27:05 - rc3dr.module1 - INFO - =============================================
2026-03-10 11:27:05 - rc3dr.module1 - INFO - >>> 启动模块1: 河道深泓点内插 <<<
2026-03-10 11:27:05 - rc3dr.module1 - INFO - 1. 正在生成高精度河道轴线...
2026-03-10 11:27:06 - rc3dr.module1 - INFO - 河道轴线已保存至: D:\0_user\hhu\RC3DR\data\intermediate_data\河道轴线.shp
2026-03-10 11:27:06 - rc3dr.module1 - INFO - 2. 正在提取深泓点...
2026-03-10 11:27:07 - rc3dr.module1 - INFO - 共提取 44 个深泓点，已保存至: D:\0_user\hhu\RC3DR\data\intermediate_data\深泓点.shp
2026-03-10 11:27:07 - rc3dr.module1 - INFO - 3. 正在生成深泓线并进行平面内插...
2026-03-10 11:27:07 - rc3dr.module1 - INFO - 深泓线(保形抗过冲+向心贴合)生成完毕，已保存至: D:\0_user\hhu\RC3DR\data\intermediate_data\深泓线.shp
2026-03-10 11:27:08 - rc3dr.module1 - INFO - 沿深泓线定步长(5.0)平面内插完毕，共生成 6352 个点。
2026-03-10 11:27:08 - rc3dr.module1 - INFO - 结果已保存至: D:\0_user\hhu\RC3DR\data\intermediate_data\深泓点内插.shp
2026-03-10 11:27:09 - rc3dr.module1 - INFO - 4. 调用公共模块补全高程...
2026-03-10 11:27:09 - rc3dr.utils - INFO - 正在进行高程内插，读取数据...
2026-03-10 11:27:10 - rc3dr.utils - INFO - 应用 CubicSpline 三次样条插值...
2026-03-10 11:27:10 - rc3dr.utils - INFO - 高程内插并更新完成！
2026-03-10 11:27:10 - rc3dr.module1 - INFO - >>> 模块1执行完毕！ <<<
2026-03-10 11:27:10 - rc3dr.module1 - INFO - =============================================
2026-03-10 11:36:00 - rc3dr - INFO - RC3DR日志系统初始化完成，日志级别：INFO
2026-03-10 11:36:00 - rc3dr - INFO - 日志文件：D:\0_user\hhu\RC3DR\src\../logs\rc3dr_20260310.log
2026-03-10 11:39:15 - rc3dr - INFO - RC3DR日志系统初始化完成，日志级别：INFO
2026-03-10 11:39:15 - rc3dr - INFO - 日志文件：D:\0_user\hhu\RC3DR\src\../logs\rc3dr_20260310.log
2026-03-10 11:40:37 - rc3dr - INFO - RC3DR日志系统初始化完成，日志级别：INFO
2026-03-10 11:40:37 - rc3dr - INFO - 日志文件：D:\0_user\hhu\RC3DR\src\../logs\rc3dr_20260310.log
2026-03-10 18:22:19 - rc3dr - INFO - RC3DR日志系统初始化完成，日志级别：INFO
2026-03-10 18:22:19 - rc3dr - INFO - 日志文件：D:\0_user\hhu\RC3DR\src\../logs\rc3dr_20260310.log
